0 info it worked if it ends with ok
1 verbose cli [ 'C:\\Program Files\\nodejs\\node.exe',
1 verbose cli   'C:\\Program Files\\nodejs\\node_modules\\npm\\bin\\npm-cli.js',
1 verbose cli   'run',
1 verbose cli   'plain' ]
2 info using npm@3.10.10
3 info using node@v6.11.0
4 verbose run-script [ 'preplain', 'plain', 'postplain' ]
5 info lifecycle magnificat@0.0.1~preplain: magnificat@0.0.1
6 silly lifecycle magnificat@0.0.1~preplain: no script for preplain, continuing
7 info lifecycle magnificat@0.0.1~plain: magnificat@0.0.1
8 verbose lifecycle magnificat@0.0.1~plain: unsafe-perm in lifecycle true
9 verbose lifecycle magnificat@0.0.1~plain: PATH: C:\Program Files\nodejs\node_modules\npm\bin\node-gyp-bin;C:\Users\mfearby\Dropbox\Magnificat\src\node_modules\.bin;C:\Program Files (x86)\ffmpeg\bin;C:\Program Files (x86)\Intel\iCLS Client\;C:\Program Files\Intel\iCLS Client\;C:\ProgramData\Oracle\Java\javapath;C:\WINDOWS\system32;C:\WINDOWS;C:\WINDOWS\System32\Wbem;C:\WINDOWS\System32\WindowsPowerShell\v1.0\;C:\Program Files\TortoiseSVN\bin;C:\Users\mfearby\.dnx\bin;C:\Program Files\Microsoft DNX\Dnvm\;C:\Program Files\Microsoft SQL Server\130\Tools\Binn\;C:\Program Files (x86)\Microsoft SQL Server\Client SDK\ODBC\130\Tools\Binn\;C:\Program Files (x86)\Microsoft SQL Server\130\Tools\Binn\;C:\Program Files (x86)\Microsoft SQL Server\130\DTS\Binn\;C:\Program Files (x86)\Microsoft SQL Server\130\Tools\Binn\ManagementStudio\;C:\Program Files (x86)\NVIDIA Corporation\PhysX\Common;C:\Program Files (x86)\Intel\Intel(R) Management Engine Components\DAL;C:\Program Files\Intel\Intel(R) Management Engine Components\DAL;C:\Program Files (x86)\Intel\Intel(R) Management Engine Components\IPT;C:\Program Files\Intel\Intel(R) Management Engine Components\IPT;C:\Program Files\nodejs;C:\Program Files\TortoiseGit\bin;C:\Ruby22\bin;C:\Users\mfearby\AppData\Local\Microsoft\WindowsApps;C:\Program Files\Heroku\bin;C:\Program Files\Intel\WiFi\bin\;C:\Program Files\Common Files\Intel\WirelessCommon\;C:\Users\mfearby\AppData\Roaming\npm;C:\Users\mfearby\bin\Sencha\Architect\Cmd\6.5.0.180;C:\Program Files\Microsoft VS Code\bin
10 verbose lifecycle magnificat@0.0.1~plain: CWD: C:\Users\mfearby\Dropbox\Magnificat\src
11 silly lifecycle magnificat@0.0.1~plain: Args: [ '/d /s /c', 'electron . plain' ]
12 silly lifecycle magnificat@0.0.1~plain: Returned: code: 1  signal: null
13 info lifecycle magnificat@0.0.1~plain: Failed to exec plain script
14 verbose stack Error: magnificat@0.0.1 plain: `electron . plain`
14 verbose stack Exit status 1
14 verbose stack     at EventEmitter.<anonymous> (C:\Program Files\nodejs\node_modules\npm\lib\utils\lifecycle.js:255:16)
14 verbose stack     at emitTwo (events.js:106:13)
14 verbose stack     at EventEmitter.emit (events.js:191:7)
14 verbose stack     at ChildProcess.<anonymous> (C:\Program Files\nodejs\node_modules\npm\lib\utils\spawn.js:40:14)
14 verbose stack     at emitTwo (events.js:106:13)
14 verbose stack     at ChildProcess.emit (events.js:191:7)
14 verbose stack     at maybeClose (internal/child_process.js:891:16)
14 verbose stack     at Process.ChildProcess._handle.onexit (internal/child_process.js:226:5)
15 verbose pkgid magnificat@0.0.1
16 verbose cwd C:\Users\mfearby\Dropbox\Magnificat\src
17 error Windows_NT 10.0.14393
18 error argv "C:\\Program Files\\nodejs\\node.exe" "C:\\Program Files\\nodejs\\node_modules\\npm\\bin\\npm-cli.js" "run" "plain"
19 error node v6.11.0
20 error npm  v3.10.10
21 error code ELIFECYCLE
22 error magnificat@0.0.1 plain: `electron . plain`
22 error Exit status 1
23 error Failed at the magnificat@0.0.1 plain script 'electron . plain'.
23 error Make sure you have the latest version of node.js and npm installed.
23 error If you do, this is most likely a problem with the magnificat package,
23 error not with npm itself.
23 error Tell the author that this fails on your system:
23 error     electron . plain
23 error You can get information on how to open an issue for this project with:
23 error     npm bugs magnificat
23 error Or if that isn't available, you can get their info via:
23 error     npm owner ls magnificat
23 error There is likely additional logging output above.
24 verbose exit [ 1, true ]
